Determining if the pthread_create exist failed with the following output:
Change Dir: /root/takehome/build/CMakeFiles/CMakeTmp

Run Build Command:"/usr/bin/make" "cmTC_297ec/fast"
/usr/bin/make -f CMakeFiles/cmTC_297ec.dir/build.make CMakeFiles/cmTC_297ec.dir/build
make[1]: Entering directory '/root/takehome/build/CMakeFiles/CMakeTmp'
Building C object CMakeFiles/cmTC_297ec.dir/CheckSymbolExists.c.o
/usr/bin/cc    -o CMakeFiles/cmTC_297ec.dir/CheckSymbolExists.c.o   -c /root/takehome/build/CMakeFiles/CMakeTmp/CheckSymbolExists.c
Linking C executable cmTC_297ec
/usr/bin/cmake -E cmake_link_script CMakeFiles/cmTC_297ec.dir/link.txt --verbose=1
/usr/bin/cc      -rdynamic CMakeFiles/cmTC_297ec.dir/CheckSymbolExists.c.o  -o cmTC_297ec 
/usr/bin/ld: CMakeFiles/cmTC_297ec.dir/CheckSymbolExists.c.o: in function `main':
CheckSymbolExists.c:(.text+0x1b): undefined reference to `pthread_create'
collect2: error: ld returned 1 exit status
make[1]: *** [CMakeFiles/cmTC_297ec.dir/build.make:87: cmTC_297ec] Error 1
make[1]: Leaving directory '/root/takehome/build/CMakeFiles/CMakeTmp'
make: *** [Makefile:121: cmTC_297ec/fast] Error 2

File /root/takehome/build/CMakeFiles/CMakeTmp/CheckSymbolExists.c:
/* */
#include <pthread.h>

int main(int argc, char** argv)
{
  (void)argv;
#ifndef pthread_create
  return ((int*)(&pthread_create))[argc];
#else
  (void)argc;
  return 0;
#endif
}

